<?xml version="1.0" encoding="UTF-8"?>
<testng-results skipped="0" failed="0" ignored="0" total="1" passed="1">
  <reporter-output>
  </reporter-output>
  <suite name="OpencartSuite" duration-ms="8963" started-at="2022-04-01T13:53:33 NZDT" finished-at="2022-04-01T13:53:42 NZDT">
    <groups>
    </groups>
    <test name="OpencartTests" duration-ms="8963" started-at="2022-04-01T13:53:33 NZDT" finished-at="2022-04-01T13:53:42 NZDT">
      <class name="testCases.NzTC_001_AccountRegistration">
        <test-method status="PASS" signature="setup(java.lang.String)[pri:0, instance:testCases.NzTC_001_AccountRegistration@543788f3]" name="setup" is-config="true" duration-ms="2261" started-at="2022-04-01T13:53:33 NZDT" finished-at="2022-04-01T13:53:35 NZDT">
          <params>
            <param index="0">
              <value>
                <![CDATA[chrome]]>
              </value>
            </param>
          </params>
          <reporter-output>
          </reporter-output>
        </test-method> <!-- setup -->
        <test-method status="PASS" signature="test_account_Registration()[pri:0, instance:testCases.NzTC_001_AccountRegistration@543788f3]" name="test_account_Registration" duration-ms="5821" started-at="2022-04-01T13:53:35 NZDT" finished-at="2022-04-01T13:53:41 NZDT">
          <reporter-output>
          </reporter-output>
        </test-method> <!-- test_account_Registration -->
        <test-method status="PASS" signature="teardown()[pri:0, instance:testCases.NzTC_001_AccountRegistration@543788f3]" name="teardown" is-config="true" duration-ms="718" started-at="2022-04-01T13:53:41 NZDT" finished-at="2022-04-01T13:53:42 NZDT">
          <reporter-output>
          </reporter-output>
        </test-method> <!-- teardown -->
      </class> <!-- testCases.NzTC_001_AccountRegistration -->
    </test> <!-- OpencartTests -->
  </suite> <!-- OpencartSuite -->
</testng-results>
